{"C:\\Users\\saami\\OneDrive\\Documents\\Futureproof\\LAP2\\3ProjectWeek\\Day2\\forkedHabitTracker\\api\\dbconfig.js": {"path":"C:\\Users\\saami\\OneDrive\\Documents\\Futureproof\\LAP2\\3ProjectWeek\\Day2\\forkedHabitTracker\\api\\dbconfig.js","statementMap":{"0":{"start":{"line":1,"column":24},"end":{"line":1,"column":42}},"1":{"start":{"line":2,"column":22},"end":{"line":2,"column":47}},"2":{"start":{"line":5,"column":15},"end":{"line":5,"column":34}},"3":{"start":{"line":7,"column":13},"end":{"line":11,"column":1}},"4":{"start":{"line":8,"column":17},"end":{"line":8,"column":57}},"5":{"start":{"line":9,"column":4},"end":{"line":9,"column":49}},"6":{"start":{"line":10,"column":4},"end":{"line":10,"column":28}},"7":{"start":{"line":13,"column":0},"end":{"line":13,"column":25}}},"fnMap":{"0":{"name":"(anonymous_0)","decl":{"start":{"line":7,"column":13},"end":{"line":7,"column":14}},"loc":{"start":{"line":7,"column":25},"end":{"line":11,"column":1}},"line":7}},"branchMap":{},"s":{"0":2,"1":2,"2":2,"3":2,"4":0,"5":0,"6":0,"7":2},"f":{"0":0},"b":{},"_coverageSchema":"1a1c01bbd47fc00a2c39e90264f33305004495a9","hash":"e5072deb8efe830cf0a6a63069c23d114abc04ba"}
,"C:\\Users\\saami\\OneDrive\\Documents\\Futureproof\\LAP2\\3ProjectWeek\\Day2\\forkedHabitTracker\\api\\controllers\\habits.js": {"path":"C:\\Users\\saami\\OneDrive\\Documents\\Futureproof\\LAP2\\3ProjectWeek\\Day2\\forkedHabitTracker\\api\\controllers\\habits.js","statementMap":{"0":{"start":{"line":4,"column":14},"end":{"line":4,"column":41}},"1":{"start":{"line":17,"column":4},"end":{"line":22,"column":5}},"2":{"start":{"line":18,"column":23},"end":{"line":18,"column":38}},"3":{"start":{"line":19,"column":8},"end":{"line":19,"column":36}},"4":{"start":{"line":21,"column":8},"end":{"line":21,"column":35}},"5":{"start":{"line":35,"column":4},"end":{"line":40,"column":5}},"6":{"start":{"line":36,"column":23},"end":{"line":36,"column":64}},"7":{"start":{"line":37,"column":8},"end":{"line":37,"column":36}},"8":{"start":{"line":39,"column":8},"end":{"line":39,"column":35}},"9":{"start":{"line":54,"column":4},"end":{"line":60,"column":5}},"10":{"start":{"line":55,"column":26},"end":{"line":55,"column":82}},"11":{"start":{"line":56,"column":8},"end":{"line":56,"column":39}},"12":{"start":{"line":58,"column":8},"end":{"line":58,"column":24}},"13":{"start":{"line":59,"column":8},"end":{"line":59,"column":35}},"14":{"start":{"line":73,"column":4},"end":{"line":78,"column":5}},"15":{"start":{"line":74,"column":22},"end":{"line":74,"column":74}},"16":{"start":{"line":75,"column":8},"end":{"line":75,"column":35}},"17":{"start":{"line":77,"column":8},"end":{"line":77,"column":35}},"18":{"start":{"line":92,"column":4},"end":{"line":98,"column":5}},"19":{"start":{"line":93,"column":21},"end":{"line":93,"column":59}},"20":{"start":{"line":94,"column":8},"end":{"line":94,"column":28}},"21":{"start":{"line":95,"column":8},"end":{"line":95,"column":44}},"22":{"start":{"line":97,"column":8},"end":{"line":97,"column":35}},"23":{"start":{"line":114,"column":4},"end":{"line":122,"column":5}},"24":{"start":{"line":116,"column":22},"end":{"line":116,"column":36}},"25":{"start":{"line":117,"column":22},"end":{"line":117,"column":60}},"26":{"start":{"line":118,"column":8},"end":{"line":118,"column":33}},"27":{"start":{"line":119,"column":8},"end":{"line":119,"column":45}},"28":{"start":{"line":121,"column":8},"end":{"line":121,"column":35}},"29":{"start":{"line":125,"column":0},"end":{"line":125,"column":73}}},"fnMap":{"0":{"name":"index","decl":{"start":{"line":16,"column":15},"end":{"line":16,"column":20}},"loc":{"start":{"line":16,"column":32},"end":{"line":23,"column":1}},"line":16},"1":{"name":"showEmail","decl":{"start":{"line":34,"column":15},"end":{"line":34,"column":24}},"loc":{"start":{"line":34,"column":36},"end":{"line":41,"column":1}},"line":34},"2":{"name":"showHabit","decl":{"start":{"line":53,"column":15},"end":{"line":53,"column":24}},"loc":{"start":{"line":53,"column":36},"end":{"line":61,"column":1}},"line":53},"3":{"name":"create","decl":{"start":{"line":72,"column":15},"end":{"line":72,"column":21}},"loc":{"start":{"line":72,"column":33},"end":{"line":79,"column":1}},"line":72},"4":{"name":"destroy","decl":{"start":{"line":91,"column":15},"end":{"line":91,"column":22}},"loc":{"start":{"line":91,"column":34},"end":{"line":99,"column":1}},"line":91},"5":{"name":"update","decl":{"start":{"line":113,"column":15},"end":{"line":113,"column":21}},"loc":{"start":{"line":113,"column":33},"end":{"line":123,"column":1}},"line":113}},"branchMap":{},"s":{"0":1,"1":1,"2":1,"3":1,"4":0,"5":1,"6":1,"7":1,"8":0,"9":2,"10":2,"11":2,"12":0,"13":0,"14":1,"15":1,"16":1,"17":0,"18":1,"19":1,"20":1,"21":1,"22":0,"23":0,"24":0,"25":0,"26":0,"27":0,"28":0,"29":1},"f":{"0":1,"1":1,"2":2,"3":1,"4":1,"5":0},"b":{},"_coverageSchema":"1a1c01bbd47fc00a2c39e90264f33305004495a9","hash":"e3e42aafd3be4c708b4ae6f21ac3fbb170159147"}
,"C:\\Users\\saami\\OneDrive\\Documents\\Futureproof\\LAP2\\3ProjectWeek\\Day2\\forkedHabitTracker\\api\\models\\habits.js": {"path":"C:\\Users\\saami\\OneDrive\\Documents\\Futureproof\\LAP2\\3ProjectWeek\\Day2\\forkedHabitTracker\\api\\models\\habits.js","statementMap":{"0":{"start":{"line":1,"column":17},"end":{"line":1,"column":39}},"1":{"start":{"line":2,"column":21},"end":{"line":2,"column":39}},"2":{"start":{"line":6,"column":8},"end":{"line":9,"column":31}},"3":{"start":{"line":13,"column":8},"end":{"line":27,"column":10}},"4":{"start":{"line":14,"column":12},"end":{"line":26,"column":13}},"5":{"start":{"line":15,"column":27},"end":{"line":15,"column":39}},"6":{"start":{"line":16,"column":16},"end":{"line":16,"column":44}},"7":{"start":{"line":17,"column":16},"end":{"line":17,"column":31}},"8":{"start":{"line":18,"column":16},"end":{"line":18,"column":44}},"9":{"start":{"line":19,"column":34},"end":{"line":19,"column":80}},"10":{"start":{"line":21,"column":31},"end":{"line":21,"column":79}},"11":{"start":{"line":21,"column":50},"end":{"line":21,"column":78}},"12":{"start":{"line":22,"column":16},"end":{"line":22,"column":32}},"13":{"start":{"line":24,"column":16},"end":{"line":24,"column":32}},"14":{"start":{"line":25,"column":16},"end":{"line":25,"column":48}},"15":{"start":{"line":32,"column":8},"end":{"line":42,"column":10}},"16":{"start":{"line":33,"column":12},"end":{"line":41,"column":13}},"17":{"start":{"line":34,"column":27},"end":{"line":34,"column":39}},"18":{"start":{"line":35,"column":30},"end":{"line":35,"column":32}},"19":{"start":{"line":36,"column":32},"end":{"line":36,"column":96}},"20":{"start":{"line":37,"column":31},"end":{"line":37,"column":58}},"21":{"start":{"line":38,"column":16},"end":{"line":38,"column":33}},"22":{"start":{"line":40,"column":16},"end":{"line":40,"column":46}},"23":{"start":{"line":47,"column":8},"end":{"line":57,"column":11}},"24":{"start":{"line":48,"column":12},"end":{"line":56,"column":13}},"25":{"start":{"line":49,"column":27},"end":{"line":49,"column":39}},"26":{"start":{"line":50,"column":32},"end":{"line":50,"column":95}},"27":{"start":{"line":51,"column":16},"end":{"line":51,"column":38}},"28":{"start":{"line":53,"column":16},"end":{"line":53,"column":36}},"29":{"start":{"line":55,"column":16},"end":{"line":55,"column":43}},"30":{"start":{"line":62,"column":8},"end":{"line":71,"column":11}},"31":{"start":{"line":63,"column":12},"end":{"line":70,"column":13}},"32":{"start":{"line":64,"column":27},"end":{"line":64,"column":39}},"33":{"start":{"line":65,"column":32},"end":{"line":65,"column":97}},"34":{"start":{"line":66,"column":29},"end":{"line":66,"column":79}},"35":{"start":{"line":67,"column":16},"end":{"line":67,"column":33}},"36":{"start":{"line":69,"column":16},"end":{"line":69,"column":43}},"37":{"start":{"line":76,"column":8},"end":{"line":86,"column":11}},"38":{"start":{"line":77,"column":12},"end":{"line":85,"column":13}},"39":{"start":{"line":78,"column":27},"end":{"line":78,"column":39}},"40":{"start":{"line":79,"column":16},"end":{"line":80,"column":84}},"41":{"start":{"line":81,"column":16},"end":{"line":81,"column":45}},"42":{"start":{"line":83,"column":16},"end":{"line":83,"column":32}},"43":{"start":{"line":84,"column":16},"end":{"line":84,"column":51}},"44":{"start":{"line":90,"column":8},"end":{"line":98,"column":10}},"45":{"start":{"line":91,"column":12},"end":{"line":97,"column":13}},"46":{"start":{"line":92,"column":27},"end":{"line":92,"column":39}},"47":{"start":{"line":93,"column":16},"end":{"line":93,"column":83}},"48":{"start":{"line":94,"column":16},"end":{"line":94,"column":44}},"49":{"start":{"line":96,"column":16},"end":{"line":96,"column":52}},"50":{"start":{"line":102,"column":0},"end":{"line":102,"column":22}}},"fnMap":{"0":{"name":"(anonymous_0)","decl":{"start":{"line":5,"column":4},"end":{"line":5,"column":5}},"loc":{"start":{"line":5,"column":21},"end":{"line":10,"column":5}},"line":5},"1":{"name":"(anonymous_1)","decl":{"start":{"line":12,"column":4},"end":{"line":12,"column":5}},"loc":{"start":{"line":12,"column":20},"end":{"line":28,"column":5}},"line":12},"2":{"name":"(anonymous_2)","decl":{"start":{"line":13,"column":28},"end":{"line":13,"column":29}},"loc":{"start":{"line":13,"column":55},"end":{"line":27,"column":9}},"line":13},"3":{"name":"(anonymous_3)","decl":{"start":{"line":21,"column":45},"end":{"line":21,"column":46}},"loc":{"start":{"line":21,"column":50},"end":{"line":21,"column":78}},"line":21},"4":{"name":"(anonymous_4)","decl":{"start":{"line":31,"column":4},"end":{"line":31,"column":5}},"loc":{"start":{"line":31,"column":35},"end":{"line":43,"column":5}},"line":31},"5":{"name":"(anonymous_5)","decl":{"start":{"line":32,"column":28},"end":{"line":32,"column":29}},"loc":{"start":{"line":32,"column":55},"end":{"line":42,"column":9}},"line":32},"6":{"name":"(anonymous_6)","decl":{"start":{"line":46,"column":4},"end":{"line":46,"column":5}},"loc":{"start":{"line":46,"column":31},"end":{"line":58,"column":5}},"line":46},"7":{"name":"(anonymous_7)","decl":{"start":{"line":47,"column":28},"end":{"line":47,"column":29}},"loc":{"start":{"line":47,"column":55},"end":{"line":57,"column":9}},"line":47},"8":{"name":"(anonymous_8)","decl":{"start":{"line":61,"column":4},"end":{"line":61,"column":5}},"loc":{"start":{"line":61,"column":35},"end":{"line":72,"column":5}},"line":61},"9":{"name":"(anonymous_9)","decl":{"start":{"line":62,"column":28},"end":{"line":62,"column":29}},"loc":{"start":{"line":62,"column":55},"end":{"line":71,"column":9}},"line":62},"10":{"name":"(anonymous_10)","decl":{"start":{"line":75,"column":4},"end":{"line":75,"column":5}},"loc":{"start":{"line":75,"column":18},"end":{"line":87,"column":5}},"line":75},"11":{"name":"(anonymous_11)","decl":{"start":{"line":76,"column":28},"end":{"line":76,"column":29}},"loc":{"start":{"line":76,"column":55},"end":{"line":86,"column":9}},"line":76},"12":{"name":"(anonymous_12)","decl":{"start":{"line":89,"column":4},"end":{"line":89,"column":5}},"loc":{"start":{"line":89,"column":13},"end":{"line":99,"column":5}},"line":89},"13":{"name":"(anonymous_13)","decl":{"start":{"line":90,"column":27},"end":{"line":90,"column":28}},"loc":{"start":{"line":90,"column":53},"end":{"line":98,"column":9}},"line":90}},"branchMap":{},"s":{"0":2,"1":2,"2":8,"3":0,"4":0,"5":0,"6":0,"7":0,"8":0,"9":0,"10":0,"11":0,"12":0,"13":0,"14":0,"15":0,"16":0,"17":0,"18":0,"19":0,"20":0,"21":0,"22":0,"23":0,"24":0,"25":0,"26":0,"27":0,"28":0,"29":0,"30":0,"31":0,"32":0,"33":0,"34":0,"35":0,"36":0,"37":0,"38":0,"39":0,"40":0,"41":0,"42":0,"43":0,"44":0,"45":0,"46":0,"47":0,"48":0,"49":0,"50":2},"f":{"0":8,"1":0,"2":0,"3":0,"4":0,"5":0,"6":0,"7":0,"8":0,"9":0,"10":0,"11":0,"12":0,"13":0},"b":{},"_coverageSchema":"1a1c01bbd47fc00a2c39e90264f33305004495a9","hash":"37382fd35b1c4a13cc5e79fe195326b573055b9c"}
}
