{"C:\\Users\\saami\\OneDrive\\Documents\\Futureproof\\LAP2\\3ProjectWeek\\Day1\\HabitTrackerServer\\dojo_habit_tracker_server\\api\\dbconfig.js": {"path":"C:\\Users\\saami\\OneDrive\\Documents\\Futureproof\\LAP2\\3ProjectWeek\\Day1\\HabitTrackerServer\\dojo_habit_tracker_server\\api\\dbconfig.js","statementMap":{"0":{"start":{"line":2,"column":24},"end":{"line":2,"column":42}},"1":{"start":{"line":5,"column":22},"end":{"line":5,"column":47}},"2":{"start":{"line":10,"column":15},"end":{"line":10,"column":34}},"3":{"start":{"line":12,"column":13},"end":{"line":16,"column":1}},"4":{"start":{"line":13,"column":17},"end":{"line":13,"column":57}},"5":{"start":{"line":14,"column":4},"end":{"line":14,"column":49}},"6":{"start":{"line":15,"column":4},"end":{"line":15,"column":28}},"7":{"start":{"line":18,"column":0},"end":{"line":18,"column":25}}},"fnMap":{"0":{"name":"(anonymous_0)","decl":{"start":{"line":12,"column":13},"end":{"line":12,"column":14}},"loc":{"start":{"line":12,"column":25},"end":{"line":16,"column":1}},"line":12}},"branchMap":{},"s":{"0":2,"1":2,"2":2,"3":2,"4":0,"5":0,"6":0,"7":2},"f":{"0":0},"b":{},"_coverageSchema":"1a1c01bbd47fc00a2c39e90264f33305004495a9","hash":"c14547cd4f301b0993f7ab2ae09272d6d7eceab0"}
,"C:\\Users\\saami\\OneDrive\\Documents\\Futureproof\\LAP2\\3ProjectWeek\\Day1\\HabitTrackerServer\\dojo_habit_tracker_server\\api\\controllers\\habits.js": {"path":"C:\\Users\\saami\\OneDrive\\Documents\\Futureproof\\LAP2\\3ProjectWeek\\Day1\\HabitTrackerServer\\dojo_habit_tracker_server\\api\\controllers\\habits.js","statementMap":{"0":{"start":{"line":76,"column":14},"end":{"line":76,"column":41}},"1":{"start":{"line":89,"column":4},"end":{"line":94,"column":5}},"2":{"start":{"line":90,"column":23},"end":{"line":90,"column":38}},"3":{"start":{"line":91,"column":8},"end":{"line":91,"column":36}},"4":{"start":{"line":93,"column":8},"end":{"line":93,"column":35}},"5":{"start":{"line":107,"column":4},"end":{"line":112,"column":5}},"6":{"start":{"line":108,"column":23},"end":{"line":108,"column":64}},"7":{"start":{"line":109,"column":8},"end":{"line":109,"column":36}},"8":{"start":{"line":111,"column":8},"end":{"line":111,"column":35}},"9":{"start":{"line":126,"column":4},"end":{"line":132,"column":5}},"10":{"start":{"line":127,"column":26},"end":{"line":127,"column":82}},"11":{"start":{"line":128,"column":8},"end":{"line":128,"column":39}},"12":{"start":{"line":130,"column":8},"end":{"line":130,"column":24}},"13":{"start":{"line":131,"column":8},"end":{"line":131,"column":35}},"14":{"start":{"line":145,"column":4},"end":{"line":150,"column":5}},"15":{"start":{"line":146,"column":22},"end":{"line":146,"column":74}},"16":{"start":{"line":147,"column":8},"end":{"line":147,"column":35}},"17":{"start":{"line":149,"column":8},"end":{"line":149,"column":35}},"18":{"start":{"line":164,"column":4},"end":{"line":170,"column":5}},"19":{"start":{"line":165,"column":21},"end":{"line":165,"column":59}},"20":{"start":{"line":166,"column":8},"end":{"line":166,"column":28}},"21":{"start":{"line":167,"column":8},"end":{"line":167,"column":44}},"22":{"start":{"line":169,"column":8},"end":{"line":169,"column":35}},"23":{"start":{"line":186,"column":4},"end":{"line":194,"column":5}},"24":{"start":{"line":188,"column":22},"end":{"line":188,"column":36}},"25":{"start":{"line":189,"column":22},"end":{"line":189,"column":60}},"26":{"start":{"line":190,"column":8},"end":{"line":190,"column":33}},"27":{"start":{"line":191,"column":8},"end":{"line":191,"column":45}},"28":{"start":{"line":193,"column":8},"end":{"line":193,"column":35}},"29":{"start":{"line":197,"column":0},"end":{"line":197,"column":73}}},"fnMap":{"0":{"name":"index","decl":{"start":{"line":88,"column":15},"end":{"line":88,"column":20}},"loc":{"start":{"line":88,"column":32},"end":{"line":95,"column":1}},"line":88},"1":{"name":"showEmail","decl":{"start":{"line":106,"column":15},"end":{"line":106,"column":24}},"loc":{"start":{"line":106,"column":36},"end":{"line":113,"column":1}},"line":106},"2":{"name":"showHabit","decl":{"start":{"line":125,"column":15},"end":{"line":125,"column":24}},"loc":{"start":{"line":125,"column":36},"end":{"line":133,"column":1}},"line":125},"3":{"name":"create","decl":{"start":{"line":144,"column":15},"end":{"line":144,"column":21}},"loc":{"start":{"line":144,"column":33},"end":{"line":151,"column":1}},"line":144},"4":{"name":"destroy","decl":{"start":{"line":163,"column":15},"end":{"line":163,"column":22}},"loc":{"start":{"line":163,"column":34},"end":{"line":171,"column":1}},"line":163},"5":{"name":"update","decl":{"start":{"line":185,"column":15},"end":{"line":185,"column":21}},"loc":{"start":{"line":185,"column":33},"end":{"line":195,"column":1}},"line":185}},"branchMap":{},"s":{"0":1,"1":1,"2":1,"3":1,"4":0,"5":1,"6":1,"7":1,"8":0,"9":2,"10":2,"11":2,"12":0,"13":0,"14":1,"15":1,"16":1,"17":0,"18":1,"19":1,"20":1,"21":1,"22":0,"23":0,"24":0,"25":0,"26":0,"27":0,"28":0,"29":1},"f":{"0":1,"1":1,"2":2,"3":1,"4":1,"5":0},"b":{},"_coverageSchema":"1a1c01bbd47fc00a2c39e90264f33305004495a9","hash":"3b0efae16b7e6933dc368e7b1b3c5a24246eec8f"}
,"C:\\Users\\saami\\OneDrive\\Documents\\Futureproof\\LAP2\\3ProjectWeek\\Day1\\HabitTrackerServer\\dojo_habit_tracker_server\\api\\models\\habits.js": {"path":"C:\\Users\\saami\\OneDrive\\Documents\\Futureproof\\LAP2\\3ProjectWeek\\Day1\\HabitTrackerServer\\dojo_habit_tracker_server\\api\\models\\habits.js","statementMap":{"0":{"start":{"line":1,"column":17},"end":{"line":1,"column":39}},"1":{"start":{"line":2,"column":21},"end":{"line":2,"column":39}},"2":{"start":{"line":6,"column":8},"end":{"line":9,"column":31}},"3":{"start":{"line":13,"column":8},"end":{"line":27,"column":10}},"4":{"start":{"line":14,"column":12},"end":{"line":26,"column":13}},"5":{"start":{"line":15,"column":27},"end":{"line":15,"column":39}},"6":{"start":{"line":19,"column":34},"end":{"line":19,"column":80}},"7":{"start":{"line":21,"column":31},"end":{"line":21,"column":79}},"8":{"start":{"line":21,"column":50},"end":{"line":21,"column":78}},"9":{"start":{"line":22,"column":16},"end":{"line":22,"column":32}},"10":{"start":{"line":24,"column":16},"end":{"line":24,"column":32}},"11":{"start":{"line":25,"column":16},"end":{"line":25,"column":48}},"12":{"start":{"line":32,"column":8},"end":{"line":42,"column":10}},"13":{"start":{"line":33,"column":12},"end":{"line":41,"column":13}},"14":{"start":{"line":34,"column":27},"end":{"line":34,"column":39}},"15":{"start":{"line":35,"column":30},"end":{"line":35,"column":32}},"16":{"start":{"line":36,"column":32},"end":{"line":36,"column":96}},"17":{"start":{"line":37,"column":31},"end":{"line":37,"column":58}},"18":{"start":{"line":38,"column":16},"end":{"line":38,"column":33}},"19":{"start":{"line":40,"column":16},"end":{"line":40,"column":46}},"20":{"start":{"line":47,"column":8},"end":{"line":57,"column":11}},"21":{"start":{"line":48,"column":12},"end":{"line":56,"column":13}},"22":{"start":{"line":49,"column":27},"end":{"line":49,"column":39}},"23":{"start":{"line":50,"column":32},"end":{"line":50,"column":95}},"24":{"start":{"line":51,"column":16},"end":{"line":51,"column":38}},"25":{"start":{"line":53,"column":16},"end":{"line":53,"column":36}},"26":{"start":{"line":55,"column":16},"end":{"line":55,"column":43}},"27":{"start":{"line":62,"column":8},"end":{"line":71,"column":11}},"28":{"start":{"line":63,"column":12},"end":{"line":70,"column":13}},"29":{"start":{"line":64,"column":27},"end":{"line":64,"column":39}},"30":{"start":{"line":65,"column":32},"end":{"line":65,"column":97}},"31":{"start":{"line":66,"column":29},"end":{"line":66,"column":79}},"32":{"start":{"line":67,"column":16},"end":{"line":67,"column":33}},"33":{"start":{"line":69,"column":16},"end":{"line":69,"column":43}},"34":{"start":{"line":76,"column":8},"end":{"line":86,"column":11}},"35":{"start":{"line":77,"column":12},"end":{"line":85,"column":13}},"36":{"start":{"line":78,"column":27},"end":{"line":78,"column":39}},"37":{"start":{"line":79,"column":16},"end":{"line":80,"column":84}},"38":{"start":{"line":81,"column":16},"end":{"line":81,"column":45}},"39":{"start":{"line":83,"column":16},"end":{"line":83,"column":32}},"40":{"start":{"line":84,"column":16},"end":{"line":84,"column":51}},"41":{"start":{"line":90,"column":8},"end":{"line":98,"column":10}},"42":{"start":{"line":91,"column":12},"end":{"line":97,"column":13}},"43":{"start":{"line":92,"column":27},"end":{"line":92,"column":39}},"44":{"start":{"line":93,"column":16},"end":{"line":93,"column":83}},"45":{"start":{"line":94,"column":16},"end":{"line":94,"column":44}},"46":{"start":{"line":96,"column":16},"end":{"line":96,"column":52}},"47":{"start":{"line":102,"column":0},"end":{"line":102,"column":22}}},"fnMap":{"0":{"name":"(anonymous_0)","decl":{"start":{"line":5,"column":4},"end":{"line":5,"column":5}},"loc":{"start":{"line":5,"column":21},"end":{"line":10,"column":5}},"line":5},"1":{"name":"(anonymous_1)","decl":{"start":{"line":12,"column":4},"end":{"line":12,"column":5}},"loc":{"start":{"line":12,"column":20},"end":{"line":28,"column":5}},"line":12},"2":{"name":"(anonymous_2)","decl":{"start":{"line":13,"column":28},"end":{"line":13,"column":29}},"loc":{"start":{"line":13,"column":55},"end":{"line":27,"column":9}},"line":13},"3":{"name":"(anonymous_3)","decl":{"start":{"line":21,"column":45},"end":{"line":21,"column":46}},"loc":{"start":{"line":21,"column":50},"end":{"line":21,"column":78}},"line":21},"4":{"name":"(anonymous_4)","decl":{"start":{"line":31,"column":4},"end":{"line":31,"column":5}},"loc":{"start":{"line":31,"column":35},"end":{"line":43,"column":5}},"line":31},"5":{"name":"(anonymous_5)","decl":{"start":{"line":32,"column":28},"end":{"line":32,"column":29}},"loc":{"start":{"line":32,"column":55},"end":{"line":42,"column":9}},"line":32},"6":{"name":"(anonymous_6)","decl":{"start":{"line":46,"column":4},"end":{"line":46,"column":5}},"loc":{"start":{"line":46,"column":31},"end":{"line":58,"column":5}},"line":46},"7":{"name":"(anonymous_7)","decl":{"start":{"line":47,"column":28},"end":{"line":47,"column":29}},"loc":{"start":{"line":47,"column":55},"end":{"line":57,"column":9}},"line":47},"8":{"name":"(anonymous_8)","decl":{"start":{"line":61,"column":4},"end":{"line":61,"column":5}},"loc":{"start":{"line":61,"column":35},"end":{"line":72,"column":5}},"line":61},"9":{"name":"(anonymous_9)","decl":{"start":{"line":62,"column":28},"end":{"line":62,"column":29}},"loc":{"start":{"line":62,"column":55},"end":{"line":71,"column":9}},"line":62},"10":{"name":"(anonymous_10)","decl":{"start":{"line":75,"column":4},"end":{"line":75,"column":5}},"loc":{"start":{"line":75,"column":18},"end":{"line":87,"column":5}},"line":75},"11":{"name":"(anonymous_11)","decl":{"start":{"line":76,"column":28},"end":{"line":76,"column":29}},"loc":{"start":{"line":76,"column":55},"end":{"line":86,"column":9}},"line":76},"12":{"name":"(anonymous_12)","decl":{"start":{"line":89,"column":4},"end":{"line":89,"column":5}},"loc":{"start":{"line":89,"column":13},"end":{"line":99,"column":5}},"line":89},"13":{"name":"(anonymous_13)","decl":{"start":{"line":90,"column":27},"end":{"line":90,"column":28}},"loc":{"start":{"line":90,"column":53},"end":{"line":98,"column":9}},"line":90}},"branchMap":{},"s":{"0":2,"1":2,"2":8,"3":0,"4":0,"5":0,"6":0,"7":0,"8":0,"9":0,"10":0,"11":0,"12":0,"13":0,"14":0,"15":0,"16":0,"17":0,"18":0,"19":0,"20":0,"21":0,"22":0,"23":0,"24":0,"25":0,"26":0,"27":0,"28":0,"29":0,"30":0,"31":0,"32":0,"33":0,"34":0,"35":0,"36":0,"37":0,"38":0,"39":0,"40":0,"41":0,"42":0,"43":0,"44":0,"45":0,"46":0,"47":2},"f":{"0":8,"1":0,"2":0,"3":0,"4":0,"5":0,"6":0,"7":0,"8":0,"9":0,"10":0,"11":0,"12":0,"13":0},"b":{},"_coverageSchema":"1a1c01bbd47fc00a2c39e90264f33305004495a9","hash":"65e7bdd866dd4e9bf01eb70964fd9bc832c31eae"}
}
