TN:
SF:dbconfig.js
FN:7,(anonymous_0)
FNF:1
FNH:0
FNDA:0,(anonymous_0)
DA:1,2
DA:2,2
DA:5,2
DA:7,2
DA:8,0
DA:9,0
DA:10,0
DA:13,2
LF:8
LH:5
BRF:0
BRH:0
end_of_record
TN:
SF:controllers\habits.js
FN:16,index
FN:34,showEmail
FN:53,showHabit
FN:72,create
FN:91,destroy
FN:113,update
FNF:6
FNH:5
FNDA:1,index
FNDA:1,showEmail
FNDA:2,showHabit
FNDA:1,create
FNDA:1,destroy
FNDA:0,update
DA:4,1
DA:17,1
DA:18,1
DA:19,1
DA:21,0
DA:35,1
DA:36,1
DA:37,1
DA:39,0
DA:54,2
DA:55,2
DA:56,2
DA:58,0
DA:59,0
DA:73,1
DA:74,1
DA:75,1
DA:77,0
DA:92,1
DA:93,1
DA:94,1
DA:95,1
DA:97,0
DA:114,0
DA:116,0
DA:117,0
DA:118,0
DA:119,0
DA:121,0
DA:125,1
LF:30
LH:18
BRF:0
BRH:0
end_of_record
TN:
SF:models\habits.js
FN:5,(anonymous_0)
FN:12,(anonymous_1)
FN:13,(anonymous_2)
FN:21,(anonymous_3)
FN:31,(anonymous_4)
FN:32,(anonymous_5)
FN:46,(anonymous_6)
FN:47,(anonymous_7)
FN:61,(anonymous_8)
FN:62,(anonymous_9)
FN:75,(anonymous_10)
FN:76,(anonymous_11)
FN:89,(anonymous_12)
FN:90,(anonymous_13)
FNF:14
FNH:1
FNDA:8,(anonymous_0)
FNDA:0,(anonymous_1)
FNDA:0,(anonymous_2)
FNDA:0,(anonymous_3)
FNDA:0,(anonymous_4)
FNDA:0,(anonymous_5)
FNDA:0,(anonymous_6)
FNDA:0,(anonymous_7)
FNDA:0,(anonymous_8)
FNDA:0,(anonymous_9)
FNDA:0,(anonymous_10)
FNDA:0,(anonymous_11)
FNDA:0,(anonymous_12)
FNDA:0,(anonymous_13)
DA:1,2
DA:2,2
DA:6,8
DA:13,0
DA:14,0
DA:15,0
DA:16,0
DA:17,0
DA:18,0
DA:19,0
DA:21,0
DA:22,0
DA:24,0
DA:25,0
DA:32,0
DA:33,0
DA:34,0
DA:35,0
DA:36,0
DA:37,0
DA:38,0
DA:40,0
DA:47,0
DA:48,0
DA:49,0
DA:50,0
DA:51,0
DA:53,0
DA:55,0
DA:62,0
DA:63,0
DA:64,0
DA:65,0
DA:66,0
DA:67,0
DA:69,0
DA:76,0
DA:77,0
DA:78,0
DA:79,0
DA:81,0
DA:83,0
DA:84,0
DA:90,0
DA:91,0
DA:92,0
DA:93,0
DA:94,0
DA:96,0
DA:102,2
LF:50
LH:4
BRF:0
BRH:0
end_of_record
